COMMAND:
 /home/jianping/Programs/Schrodinger_2018/epik-v4.3/bin/Linux-x86_64/epik_app -imae 1d6n-epik.mae -omae 1d6n-epik-out.mae -ms 10 -ph 7.0 -pht 2.0 -cg 0.3 0.3 -metal_binding
SCHRODINGER: /home/jianping/Programs/Schrodinger_2018

Running Epik version     4.3011
Epik. Copyright Schrodinger, LLC. All rights reserved.

Input file name:                        1d6n-epik.mae
Output file name:                       1d6n-epik-out.mae
Maximum number of states set to: 10
Structure adjustment calculation requested.
  Target pH set to 7.000
pHt tolerance set to 2.000000e+00
Both connectivity and geometry used in determining redundant structures.
  Structures are distinct if: 
    any position differs by more than 3.000000e-01
    the rms difference in positions is larger than 3.000000e-01
Metal binding mode turned on.

Adjusting structures for pH 7.000000e+00 and minimum probability 1.000000e-02
Solvent model name:                     water
WARNING The connections on two versions (2 and 3) of base atom differ in acid_pattern: [#1]-[NX2-1,NX3+1](~[CX3](~[OX1-1,OX1+0]))~[cX3]1[nX2][cX3][nX3-0,nX3+1][nX2-1,nX2+0]1
WARNING The charge on two versions (-1 and 1) of base atom do not differ by 1 acid_pattern: [#1]-[NX2-1,NX3+1](~[CX3](~[OX1-1,OX1+0]))~[cX3]1[nX2][cX3][nX3-0,nX3+1][nX2-1,nX2+0]1
Jobcontrol is not being used for this specific Epik calculation.
---------------------------
Processing Input Structure #1
        Title: 
                                              Calculated pKas
                                                 Conjugate
                                          Atom   Acid/Base  pKa
. . . . . . . . . . . . . . . . . . . . . . .
Variation: 1
                                            14   Conj_Acid  8.17
                                             8   Conj_Base -0.17
                                             1   Conj_Base -0.91
 pKa penalty:                                 0.04 kcal/mol
     Charging penalty:                        0.04 kcal/mol
     Neutralization penalty:                  0.00 kcal/mol
 Overall Penalty (tautomerization included):  0.08 kcal/mol
 Total Charge: 0
 Metal Penalty:                               0.40 kcal/mol
. . . . . . . . . . . . . . . . . . . . . . .
Variation: 2
                                            14   Conj_Acid  7.14
                                            10   Conj_Base  0.87
                                             1   Conj_Base -1.48
 pKa penalty:                                 0.32 kcal/mol
     Charging penalty:                        0.32 kcal/mol
     Neutralization penalty:                  0.00 kcal/mol
 Overall Penalty (tautomerization included):  1.57 kcal/mol
 Total Charge: 0
 Metal Penalty:                               1.89 kcal/mol
. . . . . . . . . . . . . . . . . . . . . . .
Variation: 3
                                             8   Conj_Base  7.14
                                            10   Conj_Base  8.17
                                             1   Conj_Base  0.02
 pKa penalty:                                 2.15 kcal/mol
     Charging penalty:                        0.00 kcal/mol
     Neutralization penalty:                  2.15 kcal/mol
 Overall Penalty (tautomerization included):  1.78 kcal/mol
 Total Charge: -1
 Metal Penalty:                               0.48 kcal/mol
---------------------------
Processing Input Structure #2
        Title: 
Metal Binding:    Using non-metal probability:          5.239398e-01
Metal Binding:    Using non-metal probability:          8.828966e-02
Metal Binding:    Using non-metal probability:          8.828966e-02
Metal Binding:    Using non-metal probability:          8.151260e-02
Metal Binding:    Using non-metal probability:          8.151260e-02
Metal Binding:    Using non-metal probability:          8.151260e-02
Metal Binding:    Using non-metal probability:          1.373578e-02
Metal Binding:    Using non-metal probability:          1.373578e-02
Metal Binding:    Using non-metal probability:          1.373578e-02
Metal Binding:    Using non-metal probability:          1.373578e-02
                                              Calculated pKas
                                                 Conjugate
                                          Atom   Acid/Base  pKa
. . . . . . . . . . . . . . . . . . . . . . .
Variation: 1
                                            29   Conj_Acid 12.25
                                            30   Conj_Acid 12.85
                                            12   Conj_Base  6.28
                                            13   Conj_Base  6.28
                                            16   Conj_Base  4.14
                                            20   Conj_Base  6.24
                                            21   Conj_Base  6.24
                                             7   Conj_Base -2.11
                                             8   Conj_Base -1.65
 pKa penalty:                                 0.20 kcal/mol
     Charging penalty:                        0.20 kcal/mol
     Neutralization penalty:                  0.00 kcal/mol
 Overall Penalty (tautomerization included):  0.38 kcal/mol
 Total Charge: -5
 Metal Penalty:                               0.38 kcal/mol
 Chemistry Notes:   This compound contains an acetal/aminal-like group ( X-CH(R)-Y where X, Y are N, S, or O) that may be acid/base labile, releasing an aldehyde.
. . . . . . . . . . . . . . . . . . . . . . .
Variation: 2
                                            29   Conj_Acid 12.11
                                            30   Conj_Acid 12.49
                                            31   Conj_Acid  6.28
                                            12   Conj_Base  3.33
                                            16   Conj_Base  4.14
                                            20   Conj_Base  6.24
                                            21   Conj_Base  6.24
                                             7   Conj_Base -2.22
                                             8   Conj_Base -1.93
 pKa penalty:                                 1.19 kcal/mol
     Charging penalty:                        0.10 kcal/mol
     Neutralization penalty:                  1.09 kcal/mol
 Overall Penalty (tautomerization included):  1.44 kcal/mol
 Total Charge: -4
 Metal Penalty:                               1.44 kcal/mol
 Chemistry Notes:   This compound contains an acetal/aminal-like group ( X-CH(R)-Y where X, Y are N, S, or O) that may be acid/base labile, releasing an aldehyde.
. . . . . . . . . . . . . . . . . . . . . . .
Variation: 3
                                            29   Conj_Acid 12.11
                                            30   Conj_Acid 12.49
                                            31   Conj_Acid  6.28
                                            13   Conj_Base  3.33
                                            16   Conj_Base  4.14
                                            20   Conj_Base  6.24
                                            21   Conj_Base  6.24
                                             7   Conj_Base -2.22
                                             8   Conj_Base -1.93
 pKa penalty:                                 1.19 kcal/mol
     Charging penalty:                        0.10 kcal/mol
     Neutralization penalty:                  1.09 kcal/mol
 Overall Penalty (tautomerization included):  1.44 kcal/mol
 Total Charge: -4
 Metal Penalty:                               1.44 kcal/mol
 Chemistry Notes:   This compound contains an acetal/aminal-like group ( X-CH(R)-Y where X, Y are N, S, or O) that may be acid/base labile, releasing an aldehyde.
. . . . . . . . . . . . . . . . . . . . . . .
Variation: 4
                                            29   Conj_Acid 12.15
                                            30   Conj_Acid 12.85
                                            31   Conj_Acid  6.24
                                            12   Conj_Base  6.28
                                            13   Conj_Base  6.28
                                            16   Conj_Base  3.20
                                            20   Conj_Base  3.30
                                             7   Conj_Base -2.19
                                             8   Conj_Base -1.65
 pKa penalty:                                 1.23 kcal/mol
     Charging penalty:                        0.10 kcal/mol
     Neutralization penalty:                  1.13 kcal/mol
 Overall Penalty (tautomerization included):  1.49 kcal/mol
 Total Charge: -4
 Metal Penalty:                               1.49 kcal/mol
 Chemistry Notes:   This compound contains an acetal/aminal-like group ( X-CH(R)-Y where X, Y are N, S, or O) that may be acid/base labile, releasing an aldehyde.
. . . . . . . . . . . . . . . . . . . . . . .
Variation: 5
                                            29   Conj_Acid 12.15
                                            30   Conj_Acid 12.85
                                            31   Conj_Acid  6.24
                                            12   Conj_Base  6.28
                                            13   Conj_Base  6.28
                                            16   Conj_Base  3.20
                                            21   Conj_Base  3.30
                                             7   Conj_Base -2.19
                                             8   Conj_Base -1.65
 pKa penalty:                                 1.23 kcal/mol
     Charging penalty:                        0.10 kcal/mol
     Neutralization penalty:                  1.13 kcal/mol
 Overall Penalty (tautomerization included):  1.49 kcal/mol
 Total Charge: -4
 Metal Penalty:                               1.49 kcal/mol
 Chemistry Notes:   This compound contains an acetal/aminal-like group ( X-CH(R)-Y where X, Y are N, S, or O) that may be acid/base labile, releasing an aldehyde.
. . . . . . . . . . . . . . . . . . . . . . .
Variation: 6
                                            29   Conj_Acid 12.15
                                            30   Conj_Acid 12.85
                                            31   Conj_Acid  6.24
                                            12   Conj_Base  6.28
                                            13   Conj_Base  6.28
                                            16   Conj_Base  3.20
                                            21   Conj_Base  3.30
                                             7   Conj_Base -2.19
                                             8   Conj_Base -1.65
 pKa penalty:                                 1.23 kcal/mol
     Charging penalty:                        0.10 kcal/mol
     Neutralization penalty:                  1.13 kcal/mol
 Overall Penalty (tautomerization included):  1.49 kcal/mol
 Total Charge: -4
 Metal Penalty:                               1.49 kcal/mol
 Chemistry Notes:   This compound contains an acetal/aminal-like group ( X-CH(R)-Y where X, Y are N, S, or O) that may be acid/base labile, releasing an aldehyde.
. . . . . . . . . . . . . . . . . . . . . . .
Variation: 7
                                            29   Conj_Acid 12.00
                                            30   Conj_Acid 12.49
                                            31   Conj_Acid  6.28
                                            32   Conj_Acid  6.24
                                            12   Conj_Base  3.33
                                            16   Conj_Base  3.20
                                            20   Conj_Base  3.30
                                             7   Conj_Base -2.30
                                             8   Conj_Base -1.93
 pKa penalty:                                 2.22 kcal/mol
     Charging penalty:                        0.00 kcal/mol
     Neutralization penalty:                  2.22 kcal/mol
 Overall Penalty (tautomerization included):  2.54 kcal/mol
 Total Charge: -3
 Metal Penalty:                               2.54 kcal/mol
 Chemistry Notes:   This compound contains an acetal/aminal-like group ( X-CH(R)-Y where X, Y are N, S, or O) that may be acid/base labile, releasing an aldehyde.
. . . . . . . . . . . . . . . . . . . . . . .
Variation: 8
                                            29   Conj_Acid 12.00
                                            30   Conj_Acid 12.49
                                            31   Conj_Acid  6.28
                                            32   Conj_Acid  6.24
                                            13   Conj_Base  3.33
                                            16   Conj_Base  3.20
                                            20   Conj_Base  3.30
                                             7   Conj_Base -2.30
                                             8   Conj_Base -1.93
 pKa penalty:                                 2.22 kcal/mol
     Charging penalty:                        0.00 kcal/mol
     Neutralization penalty:                  2.22 kcal/mol
 Overall Penalty (tautomerization included):  2.54 kcal/mol
 Total Charge: -3
 Metal Penalty:                               2.54 kcal/mol
 Chemistry Notes:   This compound contains an acetal/aminal-like group ( X-CH(R)-Y where X, Y are N, S, or O) that may be acid/base labile, releasing an aldehyde.
. . . . . . . . . . . . . . . . . . . . . . .
Variation: 9
                                            29   Conj_Acid 12.00
                                            30   Conj_Acid 12.49
                                            31   Conj_Acid  6.28
                                            32   Conj_Acid  6.24
                                            12   Conj_Base  3.33
                                            16   Conj_Base  3.20
                                            21   Conj_Base  3.30
                                             7   Conj_Base -2.30
                                             8   Conj_Base -1.93
 pKa penalty:                                 2.22 kcal/mol
     Charging penalty:                        0.00 kcal/mol
     Neutralization penalty:                  2.22 kcal/mol
 Overall Penalty (tautomerization included):  2.54 kcal/mol
 Total Charge: -3
 Metal Penalty:                               2.54 kcal/mol
 Chemistry Notes:   This compound contains an acetal/aminal-like group ( X-CH(R)-Y where X, Y are N, S, or O) that may be acid/base labile, releasing an aldehyde.
. . . . . . . . . . . . . . . . . . . . . . .
Variation: 10
                                            29   Conj_Acid 12.00
                                            30   Conj_Acid 12.49
                                            31   Conj_Acid  6.28
                                            32   Conj_Acid  6.24
                                            13   Conj_Base  3.33
                                            16   Conj_Base  3.20
                                            21   Conj_Base  3.30
                                             7   Conj_Base -2.30
                                             8   Conj_Base -1.93
 pKa penalty:                                 2.22 kcal/mol
     Charging penalty:                        0.00 kcal/mol
     Neutralization penalty:                  2.22 kcal/mol
 Overall Penalty (tautomerization included):  2.54 kcal/mol
 Total Charge: -3
 Metal Penalty:                               2.54 kcal/mol
 Chemistry Notes:   This compound contains an acetal/aminal-like group ( X-CH(R)-Y where X, Y are N, S, or O) that may be acid/base labile, releasing an aldehyde.
---------------------------
Processing Input Structure #3
        Title: 
                                              Calculated pKas
                                                 Conjugate
                                          Atom   Acid/Base  pKa
. . . . . . . . . . . . . . . . . . . . . . .
Variation: 1
                                            14   Conj_Acid  8.17
                                             8   Conj_Base -0.17
                                             1   Conj_Base -0.91
 pKa penalty:                                 0.04 kcal/mol
     Charging penalty:                        0.04 kcal/mol
     Neutralization penalty:                  0.00 kcal/mol
 Overall Penalty (tautomerization included):  0.08 kcal/mol
 Total Charge: 0
 Metal Penalty:                               0.40 kcal/mol
. . . . . . . . . . . . . . . . . . . . . . .
Variation: 2
                                            14   Conj_Acid  7.14
                                            10   Conj_Base  0.87
                                             1   Conj_Base -1.48
 pKa penalty:                                 0.32 kcal/mol
     Charging penalty:                        0.32 kcal/mol
     Neutralization penalty:                  0.00 kcal/mol
 Overall Penalty (tautomerization included):  1.57 kcal/mol
 Total Charge: 0
 Metal Penalty:                               1.89 kcal/mol
. . . . . . . . . . . . . . . . . . . . . . .
Variation: 3
                                             8   Conj_Base  7.14
                                            10   Conj_Base  8.17
                                             1   Conj_Base  0.02
 pKa penalty:                                 2.15 kcal/mol
     Charging penalty:                        0.00 kcal/mol
     Neutralization penalty:                  2.15 kcal/mol
 Overall Penalty (tautomerization included):  1.78 kcal/mol
 Total Charge: -1
 Metal Penalty:                               0.48 kcal/mol
---------------------------
Processing Input Structure #4
        Title: 
Metal Binding:    Using non-metal probability:          5.701522e-01
Metal Binding:    Using non-metal probability:          9.607697e-02
Metal Binding:    Using non-metal probability:          9.607697e-02
Metal Binding:    Using non-metal probability:          8.870217e-02
Metal Binding:    Using non-metal probability:          8.870217e-02
Metal Binding:    Using non-metal probability:          1.494730e-02
Metal Binding:    Using non-metal probability:          1.494730e-02
Metal Binding:    Using non-metal probability:          1.494730e-02
Metal Binding:    Using non-metal probability:          1.494730e-02
                                              Calculated pKas
                                                 Conjugate
                                          Atom   Acid/Base  pKa
. . . . . . . . . . . . . . . . . . . . . . .
Variation: 1
                                            29   Conj_Acid 12.25
                                            30   Conj_Acid 12.85
                                            12   Conj_Base  6.28
                                            13   Conj_Base  6.28
                                            16   Conj_Base  4.14
                                            20   Conj_Base  6.24
                                            21   Conj_Base  6.24
                                             7   Conj_Base -2.11
                                             8   Conj_Base -1.65
 pKa penalty:                                 0.20 kcal/mol
     Charging penalty:                        0.20 kcal/mol
     Neutralization penalty:                  0.00 kcal/mol
 Overall Penalty (tautomerization included):  0.33 kcal/mol
 Total Charge: -5
 Metal Penalty:                               0.33 kcal/mol
 Chemistry Notes:   This compound contains an acetal/aminal-like group ( X-CH(R)-Y where X, Y are N, S, or O) that may be acid/base labile, releasing an aldehyde.
. . . . . . . . . . . . . . . . . . . . . . .
Variation: 2
                                            29   Conj_Acid 12.11
                                            30   Conj_Acid 12.49
                                            31   Conj_Acid  6.28
                                            12   Conj_Base  3.33
                                            16   Conj_Base  4.14
                                            20   Conj_Base  6.24
                                            21   Conj_Base  6.24
                                             7   Conj_Base -2.22
                                             8   Conj_Base -1.93
 pKa penalty:                                 1.19 kcal/mol
     Charging penalty:                        0.10 kcal/mol
     Neutralization penalty:                  1.09 kcal/mol
 Overall Penalty (tautomerization included):  1.39 kcal/mol
 Total Charge: -4
 Metal Penalty:                               1.39 kcal/mol
 Chemistry Notes:   This compound contains an acetal/aminal-like group ( X-CH(R)-Y where X, Y are N, S, or O) that may be acid/base labile, releasing an aldehyde.
. . . . . . . . . . . . . . . . . . . . . . .
Variation: 3
                                            29   Conj_Acid 12.11
                                            30   Conj_Acid 12.49
                                            31   Conj_Acid  6.28
                                            13   Conj_Base  3.33
                                            16   Conj_Base  4.14
                                            20   Conj_Base  6.24
                                            21   Conj_Base  6.24
                                             7   Conj_Base -2.22
                                             8   Conj_Base -1.93
 pKa penalty:                                 1.19 kcal/mol
     Charging penalty:                        0.10 kcal/mol
     Neutralization penalty:                  1.09 kcal/mol
 Overall Penalty (tautomerization included):  1.39 kcal/mol
 Total Charge: -4
 Metal Penalty:                               1.39 kcal/mol
 Chemistry Notes:   This compound contains an acetal/aminal-like group ( X-CH(R)-Y where X, Y are N, S, or O) that may be acid/base labile, releasing an aldehyde.
. . . . . . . . . . . . . . . . . . . . . . .
Variation: 4
                                            29   Conj_Acid 12.15
                                            30   Conj_Acid 12.85
                                            31   Conj_Acid  6.24
                                            12   Conj_Base  6.28
                                            13   Conj_Base  6.28
                                            16   Conj_Base  3.20
                                            20   Conj_Base  3.30
                                             7   Conj_Base -2.19
                                             8   Conj_Base -1.65
 pKa penalty:                                 1.23 kcal/mol
     Charging penalty:                        0.10 kcal/mol
     Neutralization penalty:                  1.13 kcal/mol
 Overall Penalty (tautomerization included):  1.44 kcal/mol
 Total Charge: -4
 Metal Penalty:                               1.43 kcal/mol
 Chemistry Notes:   This compound contains an acetal/aminal-like group ( X-CH(R)-Y where X, Y are N, S, or O) that may be acid/base labile, releasing an aldehyde.
. . . . . . . . . . . . . . . . . . . . . . .
Variation: 5
                                            29   Conj_Acid 12.15
                                            30   Conj_Acid 12.85
                                            31   Conj_Acid  6.24
                                            12   Conj_Base  6.28
                                            13   Conj_Base  6.28
                                            16   Conj_Base  3.20
                                            21   Conj_Base  3.30
                                             7   Conj_Base -2.19
                                             8   Conj_Base -1.65
 pKa penalty:                                 1.23 kcal/mol
     Charging penalty:                        0.10 kcal/mol
     Neutralization penalty:                  1.13 kcal/mol
 Overall Penalty (tautomerization included):  1.44 kcal/mol
 Total Charge: -4
 Metal Penalty:                               1.43 kcal/mol
 Chemistry Notes:   This compound contains an acetal/aminal-like group ( X-CH(R)-Y where X, Y are N, S, or O) that may be acid/base labile, releasing an aldehyde.
. . . . . . . . . . . . . . . . . . . . . . .
Variation: 6
                                            29   Conj_Acid 12.00
                                            30   Conj_Acid 12.49
                                            31   Conj_Acid  6.28
                                            32   Conj_Acid  6.24
                                            13   Conj_Base  3.33
                                            16   Conj_Base  3.20
                                            21   Conj_Base  3.30
                                             7   Conj_Base -2.30
                                             8   Conj_Base -1.93
 pKa penalty:                                 2.22 kcal/mol
     Charging penalty:                        0.00 kcal/mol
     Neutralization penalty:                  2.22 kcal/mol
 Overall Penalty (tautomerization included):  2.49 kcal/mol
 Total Charge: -3
 Metal Penalty:                               2.49 kcal/mol
 Chemistry Notes:   This compound contains an acetal/aminal-like group ( X-CH(R)-Y where X, Y are N, S, or O) that may be acid/base labile, releasing an aldehyde.
. . . . . . . . . . . . . . . . . . . . . . .
Variation: 7
                                            29   Conj_Acid 12.00
                                            30   Conj_Acid 12.49
                                            31   Conj_Acid  6.28
                                            32   Conj_Acid  6.24
                                            12   Conj_Base  3.33
                                            16   Conj_Base  3.20
                                            20   Conj_Base  3.30
                                             7   Conj_Base -2.30
                                             8   Conj_Base -1.93
 pKa penalty:                                 2.22 kcal/mol
     Charging penalty:                        0.00 kcal/mol
     Neutralization penalty:                  2.22 kcal/mol
 Overall Penalty (tautomerization included):  2.49 kcal/mol
 Total Charge: -3
 Metal Penalty:                               2.49 kcal/mol
 Chemistry Notes:   This compound contains an acetal/aminal-like group ( X-CH(R)-Y where X, Y are N, S, or O) that may be acid/base labile, releasing an aldehyde.
. . . . . . . . . . . . . . . . . . . . . . .
Variation: 8
                                            29   Conj_Acid 12.00
                                            30   Conj_Acid 12.49
                                            31   Conj_Acid  6.28
                                            32   Conj_Acid  6.24
                                            13   Conj_Base  3.33
                                            16   Conj_Base  3.20
                                            20   Conj_Base  3.30
                                             7   Conj_Base -2.30
                                             8   Conj_Base -1.93
 pKa penalty:                                 2.22 kcal/mol
     Charging penalty:                        0.00 kcal/mol
     Neutralization penalty:                  2.22 kcal/mol
 Overall Penalty (tautomerization included):  2.49 kcal/mol
 Total Charge: -3
 Metal Penalty:                               2.49 kcal/mol
 Chemistry Notes:   This compound contains an acetal/aminal-like group ( X-CH(R)-Y where X, Y are N, S, or O) that may be acid/base labile, releasing an aldehyde.
. . . . . . . . . . . . . . . . . . . . . . .
Variation: 9
                                            29   Conj_Acid 12.00
                                            30   Conj_Acid 12.49
                                            31   Conj_Acid  6.28
                                            32   Conj_Acid  6.24
                                            12   Conj_Base  3.33
                                            16   Conj_Base  3.20
                                            21   Conj_Base  3.30
                                             7   Conj_Base -2.30
                                             8   Conj_Base -1.93
 pKa penalty:                                 2.22 kcal/mol
     Charging penalty:                        0.00 kcal/mol
     Neutralization penalty:                  2.22 kcal/mol
 Overall Penalty (tautomerization included):  2.49 kcal/mol
 Total Charge: -3
 Metal Penalty:                               2.49 kcal/mol
 Chemistry Notes:   This compound contains an acetal/aminal-like group ( X-CH(R)-Y where X, Y are N, S, or O) that may be acid/base labile, releasing an aldehyde.
---------------------------
