
** Heavy-atom coordinates will be fixed: maxlevel set to 0
  **
  ** Beginning refinement level 0
  **

[jianping-HSGL]
%IMPACT-I (openwt): Request to open FORMATTED file 1d6n-impref_ref0.out on unit   2
 Entering IMPACT execution environment 
 Date: Monday, September 10 2018, at 13:59:13 UTC
 Impact version 78011
 mmshare version        41011
 Copyright (c) Schrodinger, LLC.
 All Rights Reserved.

 Host: Linux jianping-HSGL 4.15.0-33-generic #36~16.04.1-Ubuntu SMP Wed Aug 15 17:21:05 UTC 2018 x86_64
 Job Name: 1d6n-impref_ref0
 SCHRODINGER  directory: /home/jianping/Programs/Schrodinger_2018
 IMPACT_EXEC  directory: /home/jianping/Programs/Schrodinger_2018/impact-v7.8/bin/Linux-x86_64
 MMSHARE_EXEC directory: /home/jianping/Programs/Schrodinger_2018/mmshare-v4.1/bin/Linux-x86_64

 Clock-based global random seed:     1536587953
%IMPACT-I(foldmain): calling OPLS_2005 atomtyping ...
%IMPACT-I(foldmain): finished parameter assignment
 PARM read from file "paramstd.dat"
 Parameter obtained from atomtyping
      Current coord. are written to file: "1d6n-impref.init_coord.rst"
      Box dimensions not written


 Total number of atoms  =  6844
 
 Neighbor List Cutoff Settings
 ==================================
 Cutoff radius:   10.0000000000000     
 Update frequency: every           10  steps
 Species   1 : Neighbors are calculated on a per residue basis
 Species   1 : Cutoff by inter-atomic distances
 
 Step number:          0         Non-bonded count:  1658235
 E-pot        RMS grad     Max grad    
  1.53851E+05  1.52055E+04  1.22078E+06
 Step number:         10         Non-bonded count:  1658235
 -8.28004E+03  4.27411E+00  2.38783E+02
 Step number:         20         Non-bonded count:  1658235
 -8.98485E+03  2.39521E+00  1.87215E+02
 Step number:         30         Non-bonded count:  1658235
 -9.24497E+03  8.97603E-01  2.28747E+01
 Step number:         40         Non-bonded count:  1658235
 -9.33950E+03  7.41687E-01  3.72118E+01
 Step number:         50         Non-bonded count:  1658235
 -9.38380E+03  4.60590E-01  1.80521E+01
 Step number:         60         Non-bonded count:  1658235
 -9.40767E+03  4.32322E-01  2.09957E+01
 Step number:         70         Non-bonded count:  1658235
 -9.42634E+03  3.45021E-01  1.53257E+01
 Step number:         80         Non-bonded count:  1658235
 -9.43643E+03  2.82765E-01  1.55325E+01
 Step number:         90         Non-bonded count:  1658235
 -9.44376E+03  2.13058E-01  9.45799E+00
 Step number:        100         Non-bonded count:  1658235
 -9.44850E+03  2.07446E-01  8.97893E+00
 Step number:        100         Non-bonded count:  1658235
 -9.44850E+03  2.07446E-01  8.97893E+00
      Current coord. are written to file: "1d6n-impref.min0_coord.rst"
      Box dimensions not written
      Current coordinates are read from file: "1d6n-impref.init_coord.rst"
      Box dimensions not read
          read from "1d6n-impref.init_coord.rst"
  
 Energy and Force Generation Info: 
 --------------------------------- 
 Number of E&F called:     340
 PARM read from file "paramstd.dat"
 Parameter obtained from atomtyping
      Current coordinates are read from file: "1d6n-impref.min0_coord.rst"
      Box dimensions not read
          read from "1d6n-impref.min0_coord.rst"


 Total number of atoms  =  6844
 
 Neighbor List Cutoff Settings
 ==================================
 Cutoff radius:   10.0000000000000     
 Update frequency: every           10  steps
 Species   1 : Neighbors are calculated on a per residue basis
 Species   1 : Cutoff by inter-atomic distances
 
 Step number:          0         Non-bonded count:  1658235
 E-pot        RMS grad     Max grad    
 -6.93552E+03  3.17377E+00  2.84894E+01
 Step number:         10         Non-bonded count:  1658235
 -8.19441E+03  1.60122E+00  1.05276E+02
 Step number:         20         Non-bonded count:  1658235
 -8.43009E+03  9.78092E-01  5.41959E+01
 Step number:         30         Non-bonded count:  1658235
 -8.49233E+03  6.23123E-01  2.46332E+01
 Step number:         40         Non-bonded count:  1658235
 -8.53089E+03  4.77509E-01  2.58453E+01
 Step number:         50         Non-bonded count:  1658235
 -8.55278E+03  4.16951E-01  1.42961E+01
 Step number:         60         Non-bonded count:  1658235
 -8.56577E+03  2.47598E-01  1.63660E+01
 Step number:         70         Non-bonded count:  1658235
 -8.57017E+03  1.27620E-01  4.67904E+00
 Step number:         80         Non-bonded count:  1658235
 -8.57150E+03  9.02683E-02  3.26430E+00
 Step number:         90         Non-bonded count:  1658235
 -8.57211E+03  5.71466E-02  2.09518E+00
 Step number:        100         Non-bonded count:  1658235
 -8.57248E+03  4.93771E-02  1.55082E+00
 Step number:        100         Non-bonded count:  1658235
 -8.57248E+03  4.93771E-02  1.55082E+00
  
 Energy and Force Generation Info: 
 --------------------------------- 
 Number of E&F called:     628


Final Energy Reports:
------------------------------------
 Total Energy of the system...... -8.57248E+03 kcal/mol
 Total Potential Energy.......... -8.57248E+03 kcal/mol
 Total Kinetic Energy............  0.00000E+00 kcal/mol
 Temperature of the system.......        0.000 K
 Bond Stretch Energy.............  9.94606E+01 kcal/mol
 Angle Bending Energy............  1.21815E+03 kcal/mol
 Torsion Angle Energy............  5.16326E+02 kcal/mol
 Restraining Energy for Torsions.  0.00000E+00 kcal/mol
 1,4 Lennard Jones Energy........  8.00283E+02 kcal/mol
 1,4 Electrostatic Energy........ -4.67235E+02 kcal/mol
 Lennard Jones Energy............  6.07775E+02 kcal/mol
 Electrostatic Energy............ -1.13472E+04 kcal/mol
 H-bond Energy...................  0.00000E+00 kcal/mol
 
 Exiting IMPACT execution environment 
 Date: Monday, September 10 2018, at 14:00:08 UTC
%IMPACT-I (timit): Total CPU time =      54.79 seconds (   0.9 minutes)
Total elapsed time = 55 seconds
  ** Completed refinement level 0      rmsd =  0.076

** Refinement finished. Final level: 0

** The refined complex file is 1d6n-impref_ref.mae.
