Arguments and Options:
           Input: '138-08-9_ligprep.mae'
          Output: '138-08-9_ligprep-out.maegz'
   Configuration: '/home/chunfeng/Programs/Schrodinger2017/schrodinger2017/mmshare-v3.8/bin/Linux-x86_64/../../data/fast3d/default.json'
         Library: '/home/chunfeng/Programs/Schrodinger2017/schrodinger2017/mmshare-v3.8/bin/Linux-x86_64/../../data/fast3d/fragments.f3d'
          Stereo: 1 (from properties, geometry)
        Optimize: false
  Vary Nitrogens: true
 Drop properties: false
Drop problematic: false
Problematic file: '138-08-9_ligprep-failed.maegz'

Desired number of conformers: 0 (use settings from the configuration file)
Maximum number of conformers: 100
     Auto-increase threshold: 9

1 structures processed
0 structures failed
64 structures stored (64.0000 conformers per input structure)

Initialization time: 0.0969 seconds
       Working time: 1.4558 seconds
              Speed: 0.6441 input structures per second
