COMMAND:
 /home/chunfeng/Programs/Schrodinger2017/schrodinger2017/epik-v4.0/bin/Linux-x86_64/epik_app -imae 1D6N_A68K_G102K_F35L-epik.mae -omae 1D6N_A68K_G102K_F35L-epik-out.mae -ms 10 -ph 7.0 -pht 3.0 -cg 0.3 0.3 -metal_binding
SCHRODINGER: /home/chunfeng/Programs/Schrodinger2017/schrodinger2017

Running Epik version     4.0013
Epik. Copyright Schrodinger, LLC. All rights reserved.

Input file name:                        1D6N_A68K_G102K_F35L-epik.mae
Output file name:                       1D6N_A68K_G102K_F35L-epik-out.mae
Maximum number of states set to: 10
Structure adjustment calculation requested.
  Target pH set to 7.000
pHt tolerance set to 3.000000e+00
Both connectivity and geometry used in determining redundant structures.
  Structures are distinct if: 
    any position differs by more than 3.000000e-01
    the rms difference in positions is larger than 3.000000e-01
Metal binding mode turned on.

Adjusting structures for pH 7.000000e+00 and minimum probability 1.000000e-03
Solvent model name:                     water
Jobcontrol is not being used for this specific Epik calculation.
---------------------------
Processing Input Structure #1
        Title: 
Metal Binding:    Using non-metal probability:          4.305583e-01
Metal Binding:    Using non-metal probability:          7.255385e-02
Metal Binding:    Using non-metal probability:          7.255385e-02
Metal Binding:    Using non-metal probability:          7.255385e-02
Metal Binding:    Using non-metal probability:          7.255385e-02
Metal Binding:    Using non-metal probability:          6.698466e-02
Metal Binding:    Using non-metal probability:          6.698466e-02
Metal Binding:    Using non-metal probability:          6.698466e-02
Metal Binding:    Using non-metal probability:          6.698466e-02
Metal Binding:    Using non-metal probability:          1.128766e-02
                                              Calculated pKas
                                                 Conjugate
                                          Atom   Acid/Base  pKa
. . . . . . . . . . . . . . . . . . . . . . .
Variation: 1
                                            29   Conj_Acid 12.25
                                            30   Conj_Acid 12.85
                                            12   Conj_Base  6.28
                                            13   Conj_Base  6.28
                                            16   Conj_Base  4.14
                                            20   Conj_Base  6.24
                                            21   Conj_Base  6.24
                                             7   Conj_Base -2.11
                                             8   Conj_Base -1.65
 pKa penalty:                                 0.20 kcal/mol
     Charging penalty:                        0.20 kcal/mol
     Neutralization penalty:                  0.00 kcal/mol
 Overall Penalty (tautomerization included):  0.50 kcal/mol
 Total Charge: -5
 Metal Penalty:                               0.50 kcal/mol
 Chemistry Notes:   This compound contains an acetal/aminal-like group ( X-CH(R)-Y where X, Y are N, S, or O) that may be acid/base labile, releasing an aldehyde.
. . . . . . . . . . . . . . . . . . . . . . .
Variation: 2
                                            29   Conj_Acid 12.11
                                            30   Conj_Acid 12.49
                                            31   Conj_Acid  6.28
                                            12   Conj_Base  3.33
                                            16   Conj_Base  4.14
                                            20   Conj_Base  6.24
                                            21   Conj_Base  6.24
                                             7   Conj_Base -2.22
                                             8   Conj_Base -1.93
 pKa penalty:                                 1.19 kcal/mol
     Charging penalty:                        0.10 kcal/mol
     Neutralization penalty:                  1.09 kcal/mol
 Overall Penalty (tautomerization included):  1.55 kcal/mol
 Total Charge: -4
 Metal Penalty:                               1.55 kcal/mol
 Chemistry Notes:   This compound contains an acetal/aminal-like group ( X-CH(R)-Y where X, Y are N, S, or O) that may be acid/base labile, releasing an aldehyde.
. . . . . . . . . . . . . . . . . . . . . . .
Variation: 3
                                            29   Conj_Acid 12.11
                                            30   Conj_Acid 12.49
                                            31   Conj_Acid  6.28
                                            13   Conj_Base  3.33
                                            16   Conj_Base  4.14
                                            20   Conj_Base  6.24
                                            21   Conj_Base  6.24
                                             7   Conj_Base -2.22
                                             8   Conj_Base -1.93
 pKa penalty:                                 1.19 kcal/mol
     Charging penalty:                        0.10 kcal/mol
     Neutralization penalty:                  1.09 kcal/mol
 Overall Penalty (tautomerization included):  1.55 kcal/mol
 Total Charge: -4
 Metal Penalty:                               1.55 kcal/mol
 Chemistry Notes:   This compound contains an acetal/aminal-like group ( X-CH(R)-Y where X, Y are N, S, or O) that may be acid/base labile, releasing an aldehyde.
. . . . . . . . . . . . . . . . . . . . . . .
Variation: 4
                                            29   Conj_Acid 12.11
                                            30   Conj_Acid 12.49
                                            31   Conj_Acid  6.28
                                            13   Conj_Base  3.33
                                            16   Conj_Base  4.14
                                            20   Conj_Base  6.24
                                            21   Conj_Base  6.24
                                             7   Conj_Base -2.22
                                             8   Conj_Base -1.93
 pKa penalty:                                 1.19 kcal/mol
     Charging penalty:                        0.10 kcal/mol
     Neutralization penalty:                  1.09 kcal/mol
 Overall Penalty (tautomerization included):  1.55 kcal/mol
 Total Charge: -4
 Metal Penalty:                               1.55 kcal/mol
 Chemistry Notes:   This compound contains an acetal/aminal-like group ( X-CH(R)-Y where X, Y are N, S, or O) that may be acid/base labile, releasing an aldehyde.
. . . . . . . . . . . . . . . . . . . . . . .
Variation: 5
                                            29   Conj_Acid 12.11
                                            30   Conj_Acid 12.49
                                            31   Conj_Acid  6.28
                                            12   Conj_Base  3.33
                                            16   Conj_Base  4.14
                                            20   Conj_Base  6.24
                                            21   Conj_Base  6.24
                                             7   Conj_Base -2.22
                                             8   Conj_Base -1.93
 pKa penalty:                                 1.19 kcal/mol
     Charging penalty:                        0.10 kcal/mol
     Neutralization penalty:                  1.09 kcal/mol
 Overall Penalty (tautomerization included):  1.55 kcal/mol
 Total Charge: -4
 Metal Penalty:                               1.55 kcal/mol
 Chemistry Notes:   This compound contains an acetal/aminal-like group ( X-CH(R)-Y where X, Y are N, S, or O) that may be acid/base labile, releasing an aldehyde.
. . . . . . . . . . . . . . . . . . . . . . .
Variation: 6
                                            29   Conj_Acid 12.15
                                            30   Conj_Acid 12.85
                                            31   Conj_Acid  6.24
                                            12   Conj_Base  6.28
                                            13   Conj_Base  6.28
                                            16   Conj_Base  3.20
                                            20   Conj_Base  3.30
                                             7   Conj_Base -2.19
                                             8   Conj_Base -1.65
 pKa penalty:                                 1.23 kcal/mol
     Charging penalty:                        0.10 kcal/mol
     Neutralization penalty:                  1.13 kcal/mol
 Overall Penalty (tautomerization included):  1.60 kcal/mol
 Total Charge: -4
 Metal Penalty:                               1.60 kcal/mol
 Chemistry Notes:   This compound contains an acetal/aminal-like group ( X-CH(R)-Y where X, Y are N, S, or O) that may be acid/base labile, releasing an aldehyde.
. . . . . . . . . . . . . . . . . . . . . . .
Variation: 7
                                            29   Conj_Acid 12.15
                                            30   Conj_Acid 12.85
                                            31   Conj_Acid  6.24
                                            12   Conj_Base  6.28
                                            13   Conj_Base  6.28
                                            16   Conj_Base  3.20
                                            21   Conj_Base  3.30
                                             7   Conj_Base -2.19
                                             8   Conj_Base -1.65
 pKa penalty:                                 1.23 kcal/mol
     Charging penalty:                        0.10 kcal/mol
     Neutralization penalty:                  1.13 kcal/mol
 Overall Penalty (tautomerization included):  1.60 kcal/mol
 Total Charge: -4
 Metal Penalty:                               1.60 kcal/mol
 Chemistry Notes:   This compound contains an acetal/aminal-like group ( X-CH(R)-Y where X, Y are N, S, or O) that may be acid/base labile, releasing an aldehyde.
. . . . . . . . . . . . . . . . . . . . . . .
Variation: 8
                                            29   Conj_Acid 12.15
                                            30   Conj_Acid 12.85
                                            31   Conj_Acid  6.24
                                            12   Conj_Base  6.28
                                            13   Conj_Base  6.28
                                            16   Conj_Base  3.20
                                            21   Conj_Base  3.30
                                             7   Conj_Base -2.19
                                             8   Conj_Base -1.65
 pKa penalty:                                 1.23 kcal/mol
     Charging penalty:                        0.10 kcal/mol
     Neutralization penalty:                  1.13 kcal/mol
 Overall Penalty (tautomerization included):  1.60 kcal/mol
 Total Charge: -4
 Metal Penalty:                               1.60 kcal/mol
 Chemistry Notes:   This compound contains an acetal/aminal-like group ( X-CH(R)-Y where X, Y are N, S, or O) that may be acid/base labile, releasing an aldehyde.
. . . . . . . . . . . . . . . . . . . . . . .
Variation: 9
                                            29   Conj_Acid 12.15
                                            30   Conj_Acid 12.85
                                            31   Conj_Acid  6.24
                                            12   Conj_Base  6.28
                                            13   Conj_Base  6.28
                                            16   Conj_Base  3.20
                                            20   Conj_Base  3.30
                                             7   Conj_Base -2.19
                                             8   Conj_Base -1.65
 pKa penalty:                                 1.23 kcal/mol
     Charging penalty:                        0.10 kcal/mol
     Neutralization penalty:                  1.13 kcal/mol
 Overall Penalty (tautomerization included):  1.60 kcal/mol
 Total Charge: -4
 Metal Penalty:                               1.60 kcal/mol
 Chemistry Notes:   This compound contains an acetal/aminal-like group ( X-CH(R)-Y where X, Y are N, S, or O) that may be acid/base labile, releasing an aldehyde.
. . . . . . . . . . . . . . . . . . . . . . .
Variation: 10
                                            29   Conj_Acid 12.00
                                            30   Conj_Acid 12.49
                                            31   Conj_Acid  6.28
                                            32   Conj_Acid  6.24
                                            12   Conj_Base  3.33
                                            16   Conj_Base  3.20
                                            21   Conj_Base  3.30
                                             7   Conj_Base -2.30
                                             8   Conj_Base -1.93
 pKa penalty:                                 2.22 kcal/mol
     Charging penalty:                        0.00 kcal/mol
     Neutralization penalty:                  2.22 kcal/mol
 Overall Penalty (tautomerization included):  2.66 kcal/mol
 Total Charge: -3
 Metal Penalty:                               2.66 kcal/mol
 Chemistry Notes:   This compound contains an acetal/aminal-like group ( X-CH(R)-Y where X, Y are N, S, or O) that may be acid/base labile, releasing an aldehyde.
---------------------------
