
** Heavy-atom coordinates will be fixed: maxlevel set to 0
  **
  ** Beginning refinement level 0
  **

[chunfeng]
%IMPACT-I (openwt): Request to open FORMATTED file 1D6N_A68K_G102K_F35L-impref_ref0.out on unit   2
 Entering IMPACT execution environment 
 Date: Saturday, December 08 2018, at 13:03:19 UTC
 Impact version 75013
 mmshare version        38013
 Copyright (c) Schrodinger, LLC.
 All Rights Reserved.

 Host: Linux chunfeng 4.15.0-39-generic #42~16.04.1-Ubuntu SMP Wed Oct 24 17:09:54 UTC 2018 x86_64
 Job Name: 1D6N_A68K_G102K_F35L-impref_ref0
 SCHRODINGER  directory: /home/chunfeng/Programs/Schrodinger2017/schrodinger2017
 IMPACT_EXEC  directory: /home/chunfeng/Programs/Schrodinger2017/schrodinger2017/impact-v7.5/bin/Linux-x86_64
 MMSHARE_EXEC directory: /home/chunfeng/Programs/Schrodinger2017/schrodinger2017/mmshare-v3.8/bin/Linux-x86_64

 Clock-based global random seed:     1544274198
%IMPACT-I(foldmain): calling OPLS_2005 atomtyping ...
%IMPACT-I(foldmain): finished parameter assignment
 PARM read from file "paramstd.dat"
 Parameter obtained from atomtyping
      Current coord. are written to file: "1D6N_A68K_G102K_F35L-impref.init_coord.rst"
      Box dimensions not written


 Total number of atoms  =  3437
 
 Neighbor List Cutoff Settings
 ==================================
 Cutoff radius:   10.0000000000000     
 Update frequency: every           10  steps
 Species   1 : Neighbors are calculated on a per residue basis
 Species   1 : Cutoff by inter-atomic distances
 
 Step number:          0         Non-bonded count:   780612
 E-pot        RMS grad     Max grad    
  1.26652E+04  1.32335E+03  4.55646E+04
 Step number:         10         Non-bonded count:   780612
 -4.38260E+03  2.70106E+00  8.23825E+01
 Step number:         20         Non-bonded count:   780612
 -4.63941E+03  1.34510E+00  3.86716E+01
 Step number:         30         Non-bonded count:   780612
 -4.71434E+03  8.11899E-01  1.72174E+01
 Step number:         40         Non-bonded count:   780612
 -4.73764E+03  4.67899E-01  1.14435E+01
 Step number:         50         Non-bonded count:   780612
 -4.75132E+03  4.06069E-01  1.02804E+01
 Step number:         60         Non-bonded count:   780612
 -4.76126E+03  2.92542E-01  6.48241E+00
 Step number:         70         Non-bonded count:   780612
 -4.76666E+03  2.46462E-01  4.30633E+00
 Step number:         80         Non-bonded count:   780612
 -4.77044E+03  2.06975E-01  5.40502E+00
 Step number:         90         Non-bonded count:   780612
 -4.77282E+03  1.89726E-01  5.43121E+00
 Step number:        100         Non-bonded count:   780612
 -4.77507E+03  1.75800E-01  4.52066E+00
 Step number:        100         Non-bonded count:   780612
 -4.77507E+03  1.75800E-01  4.52066E+00
      Current coord. are written to file: "1D6N_A68K_G102K_F35L-impref.min0_coord.rst"
      Box dimensions not written
      Current coordinates are read from file: "1D6N_A68K_G102K_F35L-impref.init_coord.rst"
      Box dimensions not read
          read from "1D6N_A68K_G102K_F35L-impref.init_coord.rst"
  
 Energy and Force Generation Info: 
 --------------------------------- 
 Number of E&F called:     291
 PARM read from file "paramstd.dat"
 Parameter obtained from atomtyping
      Current coordinates are read from file: "1D6N_A68K_G102K_F35L-impref.min0_coord.rst"
      Box dimensions not read
          read from "1D6N_A68K_G102K_F35L-impref.min0_coord.rst"


 Total number of atoms  =  3437
 
 Neighbor List Cutoff Settings
 ==================================
 Cutoff radius:   10.0000000000000     
 Update frequency: every           10  steps
 Species   1 : Neighbors are calculated on a per residue basis
 Species   1 : Cutoff by inter-atomic distances
 
 Step number:          0         Non-bonded count:   780612
 E-pot        RMS grad     Max grad    
 -3.62201E+03  3.00649E+00  2.63881E+01
 Step number:         10         Non-bonded count:   780612
 -4.21541E+03  1.81049E+00  4.41744E+01
 Step number:         20         Non-bonded count:   780612
 -4.31850E+03  9.09874E-01  2.50335E+01
 Step number:         30         Non-bonded count:   780612
 -4.35964E+03  7.31568E-01  2.88974E+01
 Step number:         40         Non-bonded count:   780612
 -4.37785E+03  4.09570E-01  1.13476E+01
 Step number:         50         Non-bonded count:   780612
 -4.38350E+03  2.17509E-01  6.24466E+00
 Step number:         60         Non-bonded count:   780612
 -4.38556E+03  1.06718E-01  2.23499E+00
 Step number:         70         Non-bonded count:   780612
 -4.38612E+03  1.03219E-01  3.53131E+00
 Step number:         80         Non-bonded count:   780612
 -4.38738E+03  1.83725E-01  5.50568E+00
 Step number:         90         Non-bonded count:   780612
 -4.38857E+03  8.70445E-02  2.14877E+00
 Step number:        100         Non-bonded count:   780612
 E-pot        RMS grad     Max grad    
 -4.38889E+03  5.68793E-02  1.66702E+00
 Step number:        100         Non-bonded count:   780612
 -4.38889E+03  5.68793E-02  1.66702E+00
  
 Energy and Force Generation Info: 
 --------------------------------- 
 Number of E&F called:     570


Final Energy Reports:
------------------------------------
 Total Energy of the system...... -4.38889E+03 kcal/mol
 Total Potential Energy.......... -4.38889E+03 kcal/mol
 Total Kinetic Energy............  0.00000E+00 kcal/mol
 Temperature of the system.......        0.000 K
 Bond Stretch Energy.............  3.88267E+01 kcal/mol
 Angle Bending Energy............  4.71103E+02 kcal/mol
 Torsion Angle Energy............  2.16501E+02 kcal/mol
 Restraining Energy for Torsions.  0.00000E+00 kcal/mol
 1,4 Lennard Jones Energy........  3.47815E+02 kcal/mol
 1,4 Electrostatic Energy........ -2.32459E+02 kcal/mol
 Lennard Jones Energy............  1.19012E+02 kcal/mol
 Electrostatic Energy............ -5.34969E+03 kcal/mol
 H-bond Energy...................  0.00000E+00 kcal/mol
 
 Exiting IMPACT execution environment 
 Date: Saturday, December 08 2018, at 13:03:38 UTC
%IMPACT-I (timit): Total CPU time =      19.17 seconds (   0.3 minutes)
Total elapsed time = 20 seconds
  ** Completed refinement level 0      rmsd =  0.108

** Refinement finished. Final level: 0

** The refined complex file is 1D6N_A68K_G102K_F35L-impref_ref.mae.
