  Running PropKa to get pKas

Clusters to optimize:
    Cluster 1:
        A:ASN 25 
    Cluster 2:
        A:ASN 85 
    Cluster 3:
        A:ASN 87 
    Cluster 4:
        A:ASN 106 
    Cluster 5:
        A:GLN 108 
        A:ASP 107 
        A:LYS 212 
    Cluster 6:
        A:ASN 128 
    Cluster 7:
        A:GLN 143 
    Cluster 8:
        A:GLN 151 
    Cluster 9:
        A:ASN 153 
    Cluster 10:
        A:ASN 195 
    Cluster 11:
        A:ASN 202 
        A:HIS 38 
    Cluster 12:
        A:LYS 54 
    Cluster 13:
        A:LYS 68 
    Cluster 14:
        A:LYS 72 
    Cluster 15:
        A:LYS 82 
        A:ASP 79 
    Cluster 16:
        A:LYS 102 
    Cluster 17:
        A:LYS 114 
    Cluster 18:
        A:LYS 127 
    Cluster 19:
        A:LYS 140 
    Cluster 20:
        A:LYS 155 
    Cluster 21:
        A:LYS 158 
    Cluster 22:
        A:LYS 165 
    Cluster 23:
        A:LYS 174 
        A:GLU 181 
    Cluster 24:
        A:LYS 185 
    Cluster 25:
        A:LYS 214 
    Cluster 26:
        A:LYS 216 
    Cluster 27:
        A:HIS 26 
        A:ASP 200 
        A:TYR 27 : HH 
    Cluster 28:
        A:HIS 59 
    Cluster 29:
        A:HIS 60 
    Cluster 30:
        A:HIS 203 
    Cluster 31:
        A:SER 4 : HG 
    Cluster 32:
        A:SER 10 : HG 
    Cluster 33:
        A:TYR 16 : HH 
    Cluster 34:
        A:CYS 22 : HG 
    Cluster 35:
        A:THR 45 : HG1
        A:ASP 76 
        A:TYR 190 : HH 
    Cluster 36:
        A:CYS 65 : HG 
    Cluster 37:
        A:TYR 71 : HH 
    Cluster 38:
        A:TYR 80 : HH 
        A:GLU 46 
    Cluster 39:
        A:SER 88 : HG 
    Cluster 40:
        A:SER 91 : HG 
    Cluster 41:
        A:THR 95 : HG1
        A:ASP 97 
    Cluster 42:
        A:SER 103 : HG 
    Cluster 43:
        A:TYR 104 : HH 
        A:ASP 137 
    Cluster 44:
        A:CYS 105 : HG 
    Cluster 45:
        A:SER 109 : HG 
    Cluster 46:
        A:THR 110 : HG1
    Cluster 47:
        A:SER 122 : HG 
    Cluster 48:
        A:THR 123 : HG1
    Cluster 49:
        A:THR 125 : HG1
    Cluster 50:
        A:THR 138 : HG1
    Cluster 51:
        A:THR 141 : HG1
        A:GLU 133 
    Cluster 52:
        A:THR 144 : HG1
    Cluster 53:
        A:SER 147 : HG 
    Cluster 54:
        A:TYR 152 : HH 
    Cluster 55:
        A:SER 161 : HG 
    Cluster 56:
        A:THR 167 : HG1
        A:ASP 184 
    Cluster 57:
        A:SER 170 : HG 
    Cluster 58:
        A:TYR 173 : HH 
    Cluster 59:
        A:TYR 194 : HH 
    Cluster 60:
        A:TYR 197 : HH 
    Cluster 61:
        A:CYS 205 : HG 
    Cluster 62:
        A:SER 208 : HG 
        A:THR 210 : HG1
    Cluster 63:
        A:TYR 215 : HH 
        A:ASP 30 
        A:GLU 29 
    Cluster 64:
        A:ASP 11 
    Cluster 65:
        A:ASP 12 
    Cluster 66:
        A:GLU 13 
    Cluster 67:
        A:ASP 17 
    Cluster 68:
        A:ASP 19 
    Cluster 69:
        A:GLU 32 
    Cluster 70:
        A:ASP 43 
    Cluster 71:
        A:ASP 51 
    Cluster 72:
        A:GLU 55 
    Cluster 73:
        A:ASP 89 
    Cluster 74:
        A:ASP 112 
    Cluster 75:
        A:ASP 119 
    Cluster 76:
        A:ASP 120 
    Cluster 77:
        A:ASP 134 
    Cluster 78:
        A:ASP 176 
    Cluster 79:
        A:ASP 193 
    Cluster 80:
        A:GLU 196 
    Cluster 81:
        A:GLU 209 

Working on cluster #1...
    A:ASN 25  : 2 states

  Scoring exhaustively (2 potential combinations)...

  Cluster results:
    A:ASN 25  : No Flip

Working on cluster #2...
    A:ASN 85  : 2 states

  Scoring exhaustively (2 potential combinations)...

  Cluster results:
    A:ASN 85  : No Flip

Working on cluster #3...
    A:ASN 87  : 2 states

  Scoring exhaustively (2 potential combinations)...
    No valid conformations found. Trying again with less strict requirements.

  Cluster results:
    A:ASN 87  : No Flip

Working on cluster #4...
    A:ASN 106  : 2 states

  Scoring exhaustively (2 potential combinations)...

  Cluster results:
    A:ASN 106  : No Flip

Working on cluster #5...
    A:GLN 108  : 2 states
    A:ASP 107  : 3 states
    A:LYS 212  : 8 states

  Scoring exhaustively (48 potential combinations)...

  Cluster results:
    A:GLN 108  : No Flip
    A:ASP 107  : Charged (pKa = 3.64)
    A:LYS 212  : Orientation 1/1 (pKa = 9.84)

Working on cluster #6...
    A:ASN 128  : 2 states

  Scoring exhaustively (2 potential combinations)...

  Cluster results:
    A:ASN 128  : No Flip

Working on cluster #7...
    A:GLN 143  : 2 states

  Scoring exhaustively (2 potential combinations)...

  Cluster results:
    A:GLN 143  : No Flip

Working on cluster #8...
    A:GLN 151  : 2 states

  Scoring exhaustively (2 potential combinations)...

  Cluster results:
    A:GLN 151  : No Flip

Working on cluster #9...
    A:ASN 153  : 2 states

  Scoring exhaustively (2 potential combinations)...

  Cluster results:
    A:ASN 153  : No Flip

Working on cluster #10...
    A:ASN 195  : 2 states

  Scoring exhaustively (2 potential combinations)...

  Cluster results:
    A:ASN 195  : No Flip

Working on cluster #11...
    A:ASN 202  : 2 states
    A:HIS 38  : 6 states

  Scoring exhaustively (12 potential combinations)...

  Cluster results:
    A:ASN 202  : No Flip
    A:HIS 38  : HIP (pKa = 5.95)

Working on cluster #12...
    A:LYS 54  : 8 states

  Scoring exhaustively (8 potential combinations)...

  Cluster results:
    A:LYS 54  : Orientation 1/1 (pKa = 10.21)

Working on cluster #13...
    A:LYS 68  : 8 states

  Scoring exhaustively (8 potential combinations)...

  Cluster results:
    A:LYS 68  : Stagger (pKa = 10.48)

Working on cluster #14...
    A:LYS 72  : 8 states

  Scoring exhaustively (8 potential combinations)...

  Cluster results:
    A:LYS 72  : Orientation 1/1 (pKa = 10.36)

Working on cluster #15...
    A:LYS 82  : 8 states
    A:ASP 79  : 3 states

  Scoring exhaustively (24 potential combinations)...

  Cluster results:
    A:LYS 82  : Orientation 1/1 (pKa = 10.94)
    A:ASP 79  : Charged (pKa = 3.23)

Working on cluster #16...
    A:LYS 102  : 8 states

  Scoring exhaustively (8 potential combinations)...

  Cluster results:
    A:LYS 102  : Stagger (pKa = 8.78)

Working on cluster #17...
    A:LYS 114  : 12 states

  Scoring exhaustively (12 potential combinations)...

  Cluster results:
    A:LYS 114  : Orientation 1/2 (pKa = 10.45)

Working on cluster #18...
    A:LYS 127  : 8 states

  Scoring exhaustively (8 potential combinations)...

  Cluster results:
    A:LYS 127  : Stagger (pKa = 10.13)

Working on cluster #19...
    A:LYS 140  : 12 states

  Scoring exhaustively (12 potential combinations)...

  Cluster results:
    A:LYS 140  : Orientation 1/2 (pKa = 10.37)

Working on cluster #20...
    A:LYS 155  : 8 states

  Scoring exhaustively (8 potential combinations)...

  Cluster results:
    A:LYS 155  : Stagger (pKa = 10.35)

Working on cluster #21...
    A:LYS 158  : 8 states

  Scoring exhaustively (8 potential combinations)...
    No valid conformations found. Trying again with less strict requirements.
    No valid conformations found. Trying again with less strict requirements.

  Cluster results:
    A:LYS 158  : Stagger (pKa = 10.05)

Working on cluster #22...
    A:LYS 165  : 8 states

  Scoring exhaustively (8 potential combinations)...

  Cluster results:
    A:LYS 165  : Orientation 1/1 (pKa = 9.41)

Working on cluster #23...
    A:LYS 174  : 8 states
    A:GLU 181  : 3 states

  Scoring exhaustively (24 potential combinations)...

  Cluster results:
    A:LYS 174  : Orientation 1/1 (pKa = 10.58)
    A:GLU 181  : Charged (pKa = 3.55)

Working on cluster #24...
    A:LYS 185  : 8 states

  Scoring exhaustively (8 potential combinations)...

  Cluster results:
    A:LYS 185  : Orientation 1/1 (pKa = 9.9)

Working on cluster #25...
    A:LYS 214  : 8 states

  Scoring exhaustively (8 potential combinations)...

  Cluster results:
    A:LYS 214  : Orientation 1/1 (pKa = 10.76)

Working on cluster #26...
    A:LYS 216  : 8 states

  Scoring exhaustively (8 potential combinations)...

  Cluster results:
    A:LYS 216  : Orientation 1/1 (pKa = 10.73)

Working on cluster #27...
    A:HIS 26  : 6 states
    A:ASP 200  : 3 states
    A:TYR 27 : HH  : 7 states

  Scoring exhaustively (126 potential combinations)...

  Cluster results:
    A:HIS 26  : HIE (pKa = 6.43)
    A:ASP 200  : Charged (pKa = 2.4)
    A:TYR 27 : HH  : Default 1 5/6 (pKa = 12.21)

Working on cluster #28...
    A:HIS 59  : 6 states

  Scoring exhaustively (6 potential combinations)...

  Cluster results:
    A:HIS 59  : HID (pKa = 6.33)

Working on cluster #29...
    A:HIS 60  : 6 states

  Scoring exhaustively (6 potential combinations)...

  Cluster results:
    A:HIS 60  : Flip HIP (pKa = 6.1)

Working on cluster #30...
    A:HIS 203  : 6 states

  Scoring exhaustively (6 potential combinations)...

  Cluster results:
    A:HIS 203  : HIE (pKa = 5.32)

Working on cluster #31...
    A:SER 4 : HG  : 5 states

  Scoring exhaustively (5 potential combinations)...

  Cluster results:
    A:SER 4 : HG  : Stagger 2 4/5 (pKa = 7.81)

Working on cluster #32...
    A:SER 10 : HG  : 6 states

  Scoring exhaustively (6 potential combinations)...

  Cluster results:
    A:SER 10 : HG  : Stagger 1 4/6

Working on cluster #33...
    A:TYR 16 : HH  : 3 states

  Scoring exhaustively (3 potential combinations)...

  Cluster results:
    A:TYR 16 : HH  : Orientation 1/2 (pKa = 10.54)

Working on cluster #34...
    A:CYS 22 : HG  : 6 states

  Scoring exhaustively (6 potential combinations)...

  Cluster results:
    A:CYS 22 : HG  : Stagger 3 5/5 (pKa = 9.17)

Working on cluster #35...
    A:THR 45 : HG1 : 5 states
    A:ASP 76  : 3 states
    A:TYR 190 : HH  : 5 states

  Scoring exhaustively (75 potential combinations)...

  Cluster results:
    A:THR 45 : HG1 : Stagger 2 4/5
    A:ASP 76  : Charged (pKa = 4.5)
    A:TYR 190 : HH  : Orientation 1/4 (pKa = 13.29)

Working on cluster #36...
    A:CYS 65 : HG  : 7 states

  Scoring exhaustively (7 potential combinations)...

  Cluster results:
    A:CYS 65 : HG  : Stagger 1 4/6 (pKa = 15.11)

Working on cluster #37...
    A:TYR 71 : HH  : 4 states

  Scoring exhaustively (4 potential combinations)...

  Cluster results:
    A:TYR 71 : HH  : Orientation 1/3 (pKa = 9.92)

Working on cluster #38...
    A:TYR 80 : HH  : 4 states
    A:GLU 46  : 3 states

  Scoring exhaustively (12 potential combinations)...

  Cluster results:
    A:TYR 80 : HH  : Orientation 1/3 (pKa = 12.04)
    A:GLU 46  : Charged (pKa = 4.69)

Working on cluster #39...
    A:SER 88 : HG  : 11 states

  Scoring exhaustively (11 potential combinations)...

  Cluster results:
    A:SER 88 : HG  : Orientation 1/11

Working on cluster #40...
    A:SER 91 : HG  : 5 states

  Scoring exhaustively (5 potential combinations)...

  Cluster results:
    A:SER 91 : HG  : Stagger 2 4/5

Working on cluster #41...
    A:THR 95 : HG1 : 10 states
    A:ASP 97  : 3 states

  Scoring exhaustively (30 potential combinations)...

  Cluster results:
    A:THR 95 : HG1 : Orientation 1/10
    A:ASP 97  : Charged (pKa = 4.38)

Working on cluster #42...
    A:SER 103 : HG  : 8 states

  Scoring exhaustively (8 potential combinations)...

  Cluster results:
    A:SER 103 : HG  : Orientation 2/8

Working on cluster #43...
    A:TYR 104 : HH  : 4 states
    A:ASP 137  : 3 states

  Scoring exhaustively (12 potential combinations)...

  Cluster results:
    A:TYR 104 : HH  : Orientation 2/3 (pKa = 14.47)
    A:ASP 137  : Charged (pKa = 4.76)

Working on cluster #44...
    A:CYS 105 : HG  : 9 states

  Scoring exhaustively (9 potential combinations)...

  Cluster results:
    A:CYS 105 : HG  : Stagger 3 8/8 (pKa = 12.42)

Working on cluster #45...
    A:SER 109 : HG  : 6 states

  Scoring exhaustively (6 potential combinations)...

  Cluster results:
    A:SER 109 : HG  : Stagger 3 6/6

Working on cluster #46...
    A:THR 110 : HG1 : 5 states

  Scoring exhaustively (5 potential combinations)...

  Cluster results:
    A:THR 110 : HG1 : Stagger 1 3/5

Working on cluster #47...
    A:SER 122 : HG  : 6 states

  Scoring exhaustively (6 potential combinations)...

  Cluster results:
    A:SER 122 : HG  : Orientation 2/6

Working on cluster #48...
    A:THR 123 : HG1 : 5 states

  Scoring exhaustively (5 potential combinations)...

  Cluster results:
    A:THR 123 : HG1 : Stagger 3 5/5

Working on cluster #49...
    A:THR 125 : HG1 : 4 states

  Scoring exhaustively (4 potential combinations)...

  Cluster results:
    A:THR 125 : HG1 : Stagger 2 3/4

Working on cluster #50...
    A:THR 138 : HG1 : 10 states

  Scoring exhaustively (10 potential combinations)...

  Cluster results:
    A:THR 138 : HG1 : Stagger 3 10/10

Working on cluster #51...
    A:THR 141 : HG1 : 6 states
    A:GLU 133  : 3 states

  Scoring exhaustively (18 potential combinations)...

  Cluster results:
    A:THR 141 : HG1 : Orientation 1/6
    A:GLU 133  : Charged (pKa = 4.38)

Working on cluster #52...
    A:THR 144 : HG1 : 5 states

  Scoring exhaustively (5 potential combinations)...

  Cluster results:
    A:THR 144 : HG1 : Orientation 1/5

Working on cluster #53...
    A:SER 147 : HG  : 7 states

  Scoring exhaustively (7 potential combinations)...

  Cluster results:
    A:SER 147 : HG  : Stagger 3 7/7

Working on cluster #54...
    A:TYR 152 : HH  : 4 states

  Scoring exhaustively (4 potential combinations)...

  Cluster results:
    A:TYR 152 : HH  : Default 2 3/3 (pKa = 10.43)

Working on cluster #55...
    A:SER 161 : HG  : 5 states

  Scoring exhaustively (5 potential combinations)...

  Cluster results:
    A:SER 161 : HG  : Stagger 3 5/5

Working on cluster #56...
    A:THR 167 : HG1 : 5 states
    A:ASP 184  : 3 states

  Scoring exhaustively (15 potential combinations)...
    No valid conformations found. Trying again with less strict requirements.

  Cluster results:
    A:THR 167 : HG1 : Orientation 3/5
    A:ASP 184  : Charged (pKa = 3.37)

Working on cluster #57...
    A:SER 170 : HG  : 6 states

  Scoring exhaustively (6 potential combinations)...

  Cluster results:
    A:SER 170 : HG  : Orientation 1/6

Working on cluster #58...
    A:TYR 173 : HH  : 3 states

  Scoring exhaustively (3 potential combinations)...

  Cluster results:
    A:TYR 173 : HH  : Orientation 1/2 (pKa = 11.09)

Working on cluster #59...
    A:TYR 194 : HH  : 4 states

  Scoring exhaustively (4 potential combinations)...

  Cluster results:
    A:TYR 194 : HH  : Orientation 1/3 (pKa = 11.02)

Working on cluster #60...
    A:TYR 197 : HH  : 4 states

  Scoring exhaustively (4 potential combinations)...

  Cluster results:
    A:TYR 197 : HH  : Orientation 1/3 (pKa = 10.12)

Working on cluster #61...
    A:CYS 205 : HG  : 6 states

  Scoring exhaustively (6 potential combinations)...

  Cluster results:
    A:CYS 205 : HG  : Orientation 1/5 (pKa = 12.23)

Working on cluster #62...
    A:SER 208 : HG  : 9 states
    A:THR 210 : HG1 : 8 states

  Scoring exhaustively (72 potential combinations)...

  Cluster results:
    A:SER 208 : HG  : Orientation 2/9
    A:THR 210 : HG1 : Orientation 3/8

Working on cluster #63...
    A:TYR 215 : HH  : 3 states
    A:ASP 30  : 3 states
    A:GLU 29  : 3 states

  Scoring exhaustively (27 potential combinations)...

  Cluster results:
    A:TYR 215 : HH  : Default 2 2/2 (pKa = 12.48)
    A:ASP 30  : Charged (pKa = 2.85)
    A:GLU 29  : Charged (pKa = 5.72)

Working on cluster #64...
    A:ASP 11  : 3 states

  Scoring exhaustively (3 potential combinations)...

  Cluster results:
    A:ASP 11  : Charged (pKa = 3.97)

Working on cluster #65...
    A:ASP 12  : 3 states

  Scoring exhaustively (3 potential combinations)...

  Cluster results:
    A:ASP 12  : Charged (pKa = 3.37)

Working on cluster #66...
    A:GLU 13  : 3 states

  Scoring exhaustively (3 potential combinations)...

  Cluster results:
    A:GLU 13  : Charged (pKa = 4.21)

Working on cluster #67...
    A:ASP 17  : 3 states

  Scoring exhaustively (3 potential combinations)...

  Cluster results:
    A:ASP 17  : Charged (pKa = 3.34)

Working on cluster #68...
    A:ASP 19  : 3 states

  Scoring exhaustively (3 potential combinations)...

  Cluster results:
    A:ASP 19  : Charged (pKa = 3.98)

Working on cluster #69...
    A:GLU 32  : 3 states

  Scoring exhaustively (3 potential combinations)...

  Cluster results:
    A:GLU 32  : Charged (pKa = 4.72)

Working on cluster #70...
    A:ASP 43  : 3 states

  Scoring exhaustively (3 potential combinations)...

  Cluster results:
    A:ASP 43  : Charged (pKa = 4.02)

Working on cluster #71...
    A:ASP 51  : 3 states

  Scoring exhaustively (3 potential combinations)...

  Cluster results:
    A:ASP 51  : Charged (pKa = 3.97)

Working on cluster #72...
    A:GLU 55  : 3 states

  Scoring exhaustively (3 potential combinations)...

  Cluster results:
    A:GLU 55  : Charged (pKa = 4.82)

Working on cluster #73...
    A:ASP 89  : 3 states

  Scoring exhaustively (3 potential combinations)...

  Cluster results:
    A:ASP 89  : Charged (pKa = 3.75)

Working on cluster #74...
    A:ASP 112  : 3 states

  Scoring exhaustively (3 potential combinations)...

  Cluster results:
    A:ASP 112  : Charged (pKa = 3.68)

Working on cluster #75...
    A:ASP 119  : 3 states

  Scoring exhaustively (3 potential combinations)...

  Cluster results:
    A:ASP 119  : Charged (pKa = 3.98)

Working on cluster #76...
    A:ASP 120  : 3 states

  Scoring exhaustively (3 potential combinations)...

  Cluster results:
    A:ASP 120  : Charged (pKa = 4.72)

Working on cluster #77...
    A:ASP 134  : 3 states

  Scoring exhaustively (3 potential combinations)...

  Cluster results:
    A:ASP 134  : Charged (pKa = 11.73)

Working on cluster #78...
    A:ASP 176  : 3 states

  Scoring exhaustively (3 potential combinations)...

  Cluster results:
    A:ASP 176  : Charged (pKa = 5.13)

Working on cluster #79...
    A:ASP 193  : 3 states

  Scoring exhaustively (3 potential combinations)...

  Cluster results:
    A:ASP 193  : Neutral 1 (pKa = 6.13)

Working on cluster #80...
    A:GLU 196  : 3 states

  Scoring exhaustively (3 potential combinations)...

  Cluster results:
    A:GLU 196  : Charged (pKa = 3.62)

Working on cluster #81...
    A:GLU 209  : 3 states

  Scoring exhaustively (3 potential combinations)...

  Cluster results:
    A:GLU 209  : Charged (pKa = 4.58)


Recalculating pKas to identify changes in protonation penalties...
  Running PropKa to get pKas
    No changes in protonation penalties found.

Total score for structure: -65.44429607296225

Final pKas:
  A:LYS 54  : 10.21
  A:LYS 68  : 10.48
  A:LYS 72  : 10.36
  A:LYS 82  : 10.94
  A:LYS 102  : 8.78
  A:LYS 114  : 10.45
  A:LYS 127  : 10.13
  A:LYS 140  : 10.37
  A:LYS 155  : 10.35
  A:LYS 158  : 10.05
  A:LYS 165  : 9.41
  A:LYS 174  : 10.58
  A:LYS 185  : 9.90
  A:LYS 212  : 9.84
  A:LYS 214  : 10.76
  A:LYS 216  : 10.73
  A:HIS 26  : 6.43
  A:HIS 38  : 5.95
  A:HIS 59  : 6.33
  A:HIS 60  : 6.10
  A:HIS 203  : 5.32
  A:SER 4 : HG  : 7.81
  A:TYR 16 : HH  : 10.54
  A:CYS 22 : HG  : 9.17
  A:TYR 27 : HH  : 12.21
  A:CYS 65 : HG  : 15.11
  A:TYR 71 : HH  : 9.92
  A:TYR 80 : HH  : 12.04
  A:TYR 104 : HH  : 14.47
  A:CYS 105 : HG  : 12.42
  A:TYR 152 : HH  : 10.43
  A:TYR 173 : HH  : 11.09
  A:TYR 190 : HH  : 13.29
  A:TYR 194 : HH  : 11.02
  A:TYR 197 : HH  : 10.12
  A:CYS 205 : HG  : 12.23
  A:TYR 215 : HH  : 12.48
  A:ASP 11  : 3.97
  A:ASP 12  : 3.37
  A:GLU 13  : 4.21
  A:ASP 17  : 3.34
  A:ASP 19  : 3.98
  A:GLU 29  : 5.72
  A:ASP 30  : 2.85
  A:GLU 32  : 4.72
  A:ASP 43  : 4.02
  A:GLU 46  : 4.69
  A:ASP 51  : 3.97
  A:GLU 55  : 4.82
  A:ASP 76  : 4.50
  A:ASP 79  : 3.23
  A:ASP 89  : 3.75
  A:ASP 97  : 4.38
  A:ASP 107  : 3.64
  A:ASP 112  : 3.68
  A:ASP 119  : 3.98
  A:ASP 120  : 4.72
  A:GLU 133  : 4.38
  A:ASP 134  : 11.73
  A:ASP 137  : 4.76
  A:ASP 176  : 5.13
  A:GLU 181  : 3.55
  A:ASP 184  : 3.37
  A:ASP 193  : 6.13
  A:GLU 196  : 3.62
  A:ASP 200  : 2.40
  A:GLU 209  : 4.58
Structure extracted from file: 1D6N_A68K_G102K_F35L-protassign.mae
Output structure will be written to: 1D6N_A68K_G102K_F35L-protassign-out.mae

Complete. Output file: 1D6N_A68K_G102K_F35L-protassign-out.mae
